app/build/intermediates/manifest_merge_blame_file/debug/manifest-merger-blame-debug-report.txt
1<?xml version="1.0" encoding="utf-8"?>
2<manifest xmlns:android="http://schemas.android.com/apk/res/android"
3    package="com.etl.overtimebd"
4    android:versionCode="1"
5    android:versionName="1.0" >
6
7    <uses-sdk
8        android:minSdkVersion="18"
8-->src\main\AndroidManifest.xml
9        android:targetSdkVersion="29" />
9-->src\main\AndroidManifest.xml
10
11    <uses-permission android:name="android.permission.INTERNET" />
11-->src\main\AndroidManifest.xml:6:5-67
11-->src\main\AndroidManifest.xml:6:22-64
12    <uses-permission android:name="android.permission.ACCESS_NETWORK_STATE" />
12-->src\main\AndroidManifest.xml:7:5-79
12-->src\main\AndroidManifest.xml:7:22-76
13    <uses-permission android:name="android.permission.WAKE_LOCK" /> <!-- Required by older versions of Google Play services to create IID tokens -->
13-->[com.google.android.gms:play-services-measurement-api:17.2.1] AndroidManifest.xml:24:5-68
13-->[com.google.android.gms:play-services-measurement-api:17.2.1] AndroidManifest.xml:24:22-65
14    <uses-permission android:name="com.google.android.c2dm.permission.RECEIVE" />
14-->[com.google.firebase:firebase-iid:20.0.1] AndroidManifest.xml:26:5-82
14-->[com.google.firebase:firebase-iid:20.0.1] AndroidManifest.xml:26:22-79
15    <uses-permission android:name="com.google.android.finsky.permission.BIND_GET_INSTALL_REFERRER_SERVICE" />
15-->[com.google.android.gms:play-services-measurement:17.2.1] AndroidManifest.xml:26:5-110
15-->[com.google.android.gms:play-services-measurement:17.2.1] AndroidManifest.xml:26:22-107
16
17    <application
17-->src\main\AndroidManifest.xml:9:5-41:19
18        android:name="androidx.multidex.MultiDexApplication"
19        android:allowBackup="true"
19-->src\main\AndroidManifest.xml:10:9-35
20        android:appComponentFactory="androidx.core.app.CoreComponentFactory"
20-->[androidx.core:core:1.1.0] AndroidManifest.xml:24:18-86
21        android:debuggable="true"
22        android:icon="@mipmap/ic_launcher"
22-->src\main\AndroidManifest.xml:11:9-43
23        android:label="@string/app_name"
23-->src\main\AndroidManifest.xml:12:9-41
24        android:roundIcon="@mipmap/ic_launcher_round"
24-->src\main\AndroidManifest.xml:13:9-54
25        android:supportsRtl="true"
25-->src\main\AndroidManifest.xml:14:9-35
26        android:testOnly="true"
27        android:theme="@style/AppTheme" >
27-->src\main\AndroidManifest.xml:15:9-40
28        <activity android:name="com.etl.overtimebd.LoginSignup" />
28-->src\main\AndroidManifest.xml:17:9-49
28-->src\main\AndroidManifest.xml:17:19-46
29        <activity
29-->src\main\AndroidManifest.xml:19:9-21:62
30            android:name="com.etl.overtimebd.MyMainActivity"
30-->src\main\AndroidManifest.xml:20:13-43
31            android:label="@string/title_activity_my_main" />
31-->src\main\AndroidManifest.xml:21:13-59
32
33        <meta-data
33-->src\main\AndroidManifest.xml:23:9-25:70
34            android:name="com.google.android.gms.ads.APPLICATION_ID"
34-->src\main\AndroidManifest.xml:24:13-69
35            android:value="ca-app-pub-5998919965178917~2591159730" />
35-->src\main\AndroidManifest.xml:25:13-67
36
37        <activity
37-->src\main\AndroidManifest.xml:27:9-35:20
38            android:name="com.etl.overtimebd.Layout.SplashScrn"
38-->src\main\AndroidManifest.xml:28:13-46
39            android:theme="@style/Theme.AppCompat.Light.NoActionBar" >
39-->src\main\AndroidManifest.xml:29:13-69
40            <intent-filter>
40-->src\main\AndroidManifest.xml:30:13-34:29
41                <action android:name="android.intent.action.MAIN" />
41-->src\main\AndroidManifest.xml:31:17-69
41-->src\main\AndroidManifest.xml:31:25-66
42
43                <category android:name="android.intent.category.LAUNCHER" />
43-->src\main\AndroidManifest.xml:33:17-77
43-->src\main\AndroidManifest.xml:33:27-74
44            </intent-filter>
45        </activity>
46        <activity
46-->src\main\AndroidManifest.xml:38:9-40:60
47            android:name="com.etl.overtimebd.Layout.FounderPage"
47-->src\main\AndroidManifest.xml:39:13-47
48            android:parentActivityName="com.etl.overtimebd.MyMainActivity" />
48-->src\main\AndroidManifest.xml:40:13-57
49        <!--
50             FirebaseMessagingService performs security checks at runtime,
51             but set to not exported to explicitly avoid allowing another app to call it.
52        -->
53        <service
53-->[com.google.firebase:firebase-messaging:20.0.1] AndroidManifest.xml:28:9-34:19
54            android:name="com.google.firebase.messaging.FirebaseMessagingService"
54-->[com.google.firebase:firebase-messaging:20.0.1] AndroidManifest.xml:29:13-82
55            android:exported="false" >
55-->[com.google.firebase:firebase-messaging:20.0.1] AndroidManifest.xml:30:13-37
56            <intent-filter android:priority="-500" >
56-->[com.google.firebase:firebase-messaging:20.0.1] AndroidManifest.xml:31:13-33:29
56-->[com.google.firebase:firebase-messaging:20.0.1] AndroidManifest.xml:31:28-51
57                <action android:name="com.google.firebase.MESSAGING_EVENT" />
57-->[com.google.firebase:firebase-messaging:20.0.1] AndroidManifest.xml:32:17-78
57-->[com.google.firebase:firebase-messaging:20.0.1] AndroidManifest.xml:32:25-75
58            </intent-filter>
59        </service>
60
61        <activity
61-->[com.google.firebase:firebase-auth:19.1.0] AndroidManifest.xml:24:9-31:50
62            android:name="com.google.firebase.auth.internal.FederatedSignInActivity"
62-->[com.google.firebase:firebase-auth:19.1.0] AndroidManifest.xml:25:13-85
63            android:excludeFromRecents="true"
63-->[com.google.firebase:firebase-auth:19.1.0] AndroidManifest.xml:26:13-46
64            android:exported="true"
64-->[com.google.firebase:firebase-auth:19.1.0] AndroidManifest.xml:27:13-36
65            android:launchMode="singleTask"
65-->[com.google.firebase:firebase-auth:19.1.0] AndroidManifest.xml:28:13-44
66            android:permission="com.google.firebase.auth.api.gms.permission.LAUNCH_FEDERATED_SIGN_IN"
66-->[com.google.firebase:firebase-auth:19.1.0] AndroidManifest.xml:29:13-102
67            android:theme="@android:style/Theme.Translucent.NoTitleBar" />
67-->[com.google.firebase:firebase-auth:19.1.0] AndroidManifest.xml:30:13-72
68
69        <service
69-->[com.google.firebase:firebase-auth:19.1.0] AndroidManifest.xml:33:9-39:19
70            android:name="com.google.firebase.components.ComponentDiscoveryService"
70-->[com.google.firebase:firebase-auth:19.1.0] AndroidManifest.xml:34:13-84
71            android:directBootAware="true"
71-->[com.google.firebase:firebase-common:19.2.0] AndroidManifest.xml:15:13-43
72            android:exported="false" >
72-->[com.google.firebase:firebase-auth:19.1.0] AndroidManifest.xml:35:13-37
73            <meta-data
73-->[com.google.firebase:firebase-auth:19.1.0] AndroidManifest.xml:36:13-38:85
74                android:name="com.google.firebase.components:com.google.firebase.auth.FirebaseAuthRegistrar"
74-->[com.google.firebase:firebase-auth:19.1.0] AndroidManifest.xml:37:17-109
75                android:value="com.google.firebase.components.ComponentRegistrar" />
75-->[com.google.firebase:firebase-auth:19.1.0] AndroidManifest.xml:38:17-82
76            <meta-data
76-->[com.google.firebase:firebase-storage:19.1.0] AndroidManifest.xml:33:13-35:85
77                android:name="com.google.firebase.components:com.google.firebase.storage.StorageRegistrar"
77-->[com.google.firebase:firebase-storage:19.1.0] AndroidManifest.xml:34:17-107
78                android:value="com.google.firebase.components.ComponentRegistrar" />
78-->[com.google.firebase:firebase-storage:19.1.0] AndroidManifest.xml:35:17-82
79            <meta-data
79-->[com.google.firebase:firebase-config:19.0.3] AndroidManifest.xml:32:13-34:85
80                android:name="com.google.firebase.components:com.google.firebase.remoteconfig.RemoteConfigRegistrar"
80-->[com.google.firebase:firebase-config:19.0.3] AndroidManifest.xml:33:17-117
81                android:value="com.google.firebase.components.ComponentRegistrar" />
81-->[com.google.firebase:firebase-config:19.0.3] AndroidManifest.xml:34:17-82
82            <meta-data
82-->[com.google.firebase:firebase-firestore:20.2.0] AndroidManifest.xml:20:13-22:85
83                android:name="com.google.firebase.components:com.google.firebase.firestore.FirestoreRegistrar"
83-->[com.google.firebase:firebase-firestore:20.2.0] AndroidManifest.xml:21:17-111
84                android:value="com.google.firebase.components.ComponentRegistrar" />
84-->[com.google.firebase:firebase-firestore:20.2.0] AndroidManifest.xml:22:17-82
85            <meta-data
85-->[com.google.android.gms:play-services-measurement-api:17.2.1] AndroidManifest.xml:30:13-32:85
86                android:name="com.google.firebase.components:com.google.firebase.analytics.connector.internal.AnalyticsConnectorRegistrar"
86-->[com.google.android.gms:play-services-measurement-api:17.2.1] AndroidManifest.xml:31:17-139
87                android:value="com.google.firebase.components.ComponentRegistrar" />
87-->[com.google.android.gms:play-services-measurement-api:17.2.1] AndroidManifest.xml:32:17-82
88            <meta-data
88-->[com.google.firebase:firebase-iid:20.0.1] AndroidManifest.xml:32:13-34:85
89                android:name="com.google.firebase.components:com.google.firebase.iid.Registrar"
89-->[com.google.firebase:firebase-iid:20.0.1] AndroidManifest.xml:33:17-96
90                android:value="com.google.firebase.components.ComponentRegistrar" />
90-->[com.google.firebase:firebase-iid:20.0.1] AndroidManifest.xml:34:17-82
91            <meta-data
91-->[com.google.firebase:firebase-abt:19.0.0] AndroidManifest.xml:13:13-15:85
92                android:name="com.google.firebase.components:com.google.firebase.abt.component.AbtRegistrar"
92-->[com.google.firebase:firebase-abt:19.0.0] AndroidManifest.xml:14:17-109
93                android:value="com.google.firebase.components.ComponentRegistrar" />
93-->[com.google.firebase:firebase-abt:19.0.0] AndroidManifest.xml:15:17-82
94        </service>
95
96        <provider
96-->[com.squareup.picasso:picasso:2.71828] AndroidManifest.xml:8:9-11:40
97            android:name="com.squareup.picasso.PicassoProvider"
97-->[com.squareup.picasso:picasso:2.71828] AndroidManifest.xml:9:13-64
98            android:authorities="com.etl.overtimebd.com.squareup.picasso"
98-->[com.squareup.picasso:picasso:2.71828] AndroidManifest.xml:10:13-72
99            android:exported="false" />
99-->[com.squareup.picasso:picasso:2.71828] AndroidManifest.xml:11:13-37
100
101        <activity
101-->[com.google.android.gms:play-services-auth:17.0.0] AndroidManifest.xml:23:9-27:75
102            android:name="com.google.android.gms.auth.api.signin.internal.SignInHubActivity"
102-->[com.google.android.gms:play-services-auth:17.0.0] AndroidManifest.xml:24:13-93
103            android:excludeFromRecents="true"
103-->[com.google.android.gms:play-services-auth:17.0.0] AndroidManifest.xml:25:13-46
104            android:exported="false"
104-->[com.google.android.gms:play-services-auth:17.0.0] AndroidManifest.xml:26:13-37
105            android:theme="@android:style/Theme.Translucent.NoTitleBar" />
105-->[com.google.android.gms:play-services-auth:17.0.0] AndroidManifest.xml:27:13-72
106        <!--
107            Service handling Google Sign-In user revocation. For apps that do not integrate with
108            Google Sign-In, this service will never be started.
109        -->
110        <service
110-->[com.google.android.gms:play-services-auth:17.0.0] AndroidManifest.xml:33:9-36:110
111            android:name="com.google.android.gms.auth.api.signin.RevocationBoundService"
111-->[com.google.android.gms:play-services-auth:17.0.0] AndroidManifest.xml:34:13-89
112            android:exported="true"
112-->[com.google.android.gms:play-services-auth:17.0.0] AndroidManifest.xml:35:13-36
113            android:permission="com.google.android.gms.auth.api.signin.permission.REVOCATION_NOTIFICATION" />
113-->[com.google.android.gms:play-services-auth:17.0.0] AndroidManifest.xml:36:13-107
114
115        <receiver
115-->[com.google.firebase:firebase-iid:20.0.1] AndroidManifest.xml:37:9-44:20
116            android:name="com.google.firebase.iid.FirebaseInstanceIdReceiver"
116-->[com.google.firebase:firebase-iid:20.0.1] AndroidManifest.xml:38:13-78
117            android:exported="true"
117-->[com.google.firebase:firebase-iid:20.0.1] AndroidManifest.xml:39:13-36
118            android:permission="com.google.android.c2dm.permission.SEND" >
118-->[com.google.firebase:firebase-iid:20.0.1] AndroidManifest.xml:40:13-73
119            <intent-filter>
119-->[com.google.firebase:firebase-iid:20.0.1] AndroidManifest.xml:41:13-43:29
120                <action android:name="com.google.android.c2dm.intent.RECEIVE" />
120-->[com.google.firebase:firebase-iid:20.0.1] AndroidManifest.xml:42:17-81
120-->[com.google.firebase:firebase-iid:20.0.1] AndroidManifest.xml:42:25-78
121            </intent-filter>
122        </receiver>
123
124        <provider
124-->[com.google.firebase:firebase-common:19.2.0] AndroidManifest.xml:19:9-23:39
125            android:name="com.google.firebase.provider.FirebaseInitProvider"
125-->[com.google.firebase:firebase-common:19.2.0] AndroidManifest.xml:20:13-77
126            android:authorities="com.etl.overtimebd.firebaseinitprovider"
126-->[com.google.firebase:firebase-common:19.2.0] AndroidManifest.xml:21:13-72
127            android:exported="false"
127-->[com.google.firebase:firebase-common:19.2.0] AndroidManifest.xml:22:13-37
128            android:initOrder="100" />
128-->[com.google.firebase:firebase-common:19.2.0] AndroidManifest.xml:23:13-36
129
130        <activity
130-->[com.google.android.gms:play-services-base:17.1.0] AndroidManifest.xml:23:9-26:75
131            android:name="com.google.android.gms.common.api.GoogleApiActivity"
131-->[com.google.android.gms:play-services-base:17.1.0] AndroidManifest.xml:24:13-79
132            android:exported="false"
132-->[com.google.android.gms:play-services-base:17.1.0] AndroidManifest.xml:25:13-37
133            android:theme="@android:style/Theme.Translucent.NoTitleBar" />
133-->[com.google.android.gms:play-services-base:17.1.0] AndroidManifest.xml:26:13-72
134
135        <receiver
135-->[com.google.android.gms:play-services-measurement:17.2.1] AndroidManifest.xml:29:9-33:20
136            android:name="com.google.android.gms.measurement.AppMeasurementReceiver"
136-->[com.google.android.gms:play-services-measurement:17.2.1] AndroidManifest.xml:30:13-85
137            android:enabled="true"
137-->[com.google.android.gms:play-services-measurement:17.2.1] AndroidManifest.xml:31:13-35
138            android:exported="false" >
138-->[com.google.android.gms:play-services-measurement:17.2.1] AndroidManifest.xml:32:13-37
139        </receiver>
140        <receiver
140-->[com.google.android.gms:play-services-measurement:17.2.1] AndroidManifest.xml:34:9-42:20
141            android:name="com.google.android.gms.measurement.AppMeasurementInstallReferrerReceiver"
141-->[com.google.android.gms:play-services-measurement:17.2.1] AndroidManifest.xml:35:13-100
142            android:enabled="true"
142-->[com.google.android.gms:play-services-measurement:17.2.1] AndroidManifest.xml:36:13-35
143            android:exported="true"
143-->[com.google.android.gms:play-services-measurement:17.2.1] AndroidManifest.xml:37:13-36
144            android:permission="android.permission.INSTALL_PACKAGES" >
144-->[com.google.android.gms:play-services-measurement:17.2.1] AndroidManifest.xml:38:13-69
145            <intent-filter>
145-->[com.google.android.gms:play-services-measurement:17.2.1] AndroidManifest.xml:39:13-41:29
146                <action android:name="com.android.vending.INSTALL_REFERRER" />
146-->[com.google.android.gms:play-services-measurement:17.2.1] AndroidManifest.xml:40:17-79
146-->[com.google.android.gms:play-services-measurement:17.2.1] AndroidManifest.xml:40:25-76
147            </intent-filter>
148        </receiver>
149
150        <service
150-->[com.google.android.gms:play-services-measurement:17.2.1] AndroidManifest.xml:44:9-47:40
151            android:name="com.google.android.gms.measurement.AppMeasurementService"
151-->[com.google.android.gms:play-services-measurement:17.2.1] AndroidManifest.xml:45:13-84
152            android:enabled="true"
152-->[com.google.android.gms:play-services-measurement:17.2.1] AndroidManifest.xml:46:13-35
153            android:exported="false" />
153-->[com.google.android.gms:play-services-measurement:17.2.1] AndroidManifest.xml:47:13-37
154        <service
154-->[com.google.android.gms:play-services-measurement:17.2.1] AndroidManifest.xml:48:9-52:72
155            android:name="com.google.android.gms.measurement.AppMeasurementJobService"
155-->[com.google.android.gms:play-services-measurement:17.2.1] AndroidManifest.xml:49:13-87
156            android:enabled="true"
156-->[com.google.android.gms:play-services-measurement:17.2.1] AndroidManifest.xml:50:13-35
157            android:exported="false"
157-->[com.google.android.gms:play-services-measurement:17.2.1] AndroidManifest.xml:51:13-37
158            android:permission="android.permission.BIND_JOB_SERVICE" /> <!-- Include the AdActivity and InAppPurchaseActivity configChanges and themes. -->
158-->[com.google.android.gms:play-services-measurement:17.2.1] AndroidManifest.xml:52:13-69
159        <activity
159-->[com.google.android.gms:play-services-ads-lite:18.3.0] AndroidManifest.xml:29:9-33:64
160            android:name="com.google.android.gms.ads.AdActivity"
160-->[com.google.android.gms:play-services-ads-lite:18.3.0] AndroidManifest.xml:30:13-65
161            android:configChanges="keyboard|keyboardHidden|orientation|screenLayout|uiMode|screenSize|smallestScreenSize"
161-->[com.google.android.gms:play-services-ads-lite:18.3.0] AndroidManifest.xml:31:13-122
162            android:exported="false"
162-->[com.google.android.gms:play-services-ads-lite:18.3.0] AndroidManifest.xml:32:13-37
163            android:theme="@android:style/Theme.Translucent" />
163-->[com.google.android.gms:play-services-ads-lite:18.3.0] AndroidManifest.xml:33:13-61
164
165        <provider
165-->[com.google.android.gms:play-services-ads-lite:18.3.0] AndroidManifest.xml:35:9-39:39
166            android:name="com.google.android.gms.ads.MobileAdsInitProvider"
166-->[com.google.android.gms:play-services-ads-lite:18.3.0] AndroidManifest.xml:36:13-76
167            android:authorities="com.etl.overtimebd.mobileadsinitprovider"
167-->[com.google.android.gms:play-services-ads-lite:18.3.0] AndroidManifest.xml:37:13-73
168            android:exported="false"
168-->[com.google.android.gms:play-services-ads-lite:18.3.0] AndroidManifest.xml:38:13-37
169            android:initOrder="100" />
169-->[com.google.android.gms:play-services-ads-lite:18.3.0] AndroidManifest.xml:39:13-36
170
171        <meta-data
171-->[com.google.android.gms:play-services-basement:17.0.0] AndroidManifest.xml:23:9-25:69
172            android:name="com.google.android.gms.version"
172-->[com.google.android.gms:play-services-basement:17.0.0] AndroidManifest.xml:24:13-58
173            android:value="@integer/google_play_services_version" />
173-->[com.google.android.gms:play-services-basement:17.0.0] AndroidManifest.xml:25:13-66
174    </application>
175
176</manifest>